
*** Running vivado
    with args -log CM1.vds -m64 -product Vivado -mode batch -messageDb vivado.pb -notrace -source CM1.tcl


ECHO is off.
ECHO is off.

****** Vivado v2023.1 (64-bit)
  **** SW Build 3865809 on Sun May  7 15:05:29 MDT 2023
  **** IP Build 3864474 on Sun May  7 20:36:21 MDT 2023
  **** SharedData Build 3865790 on Sun May 07 13:33:03 MDT 2023
    ** Copyright 1986-2022 Xilinx, Inc. All Rights Reserved.
    ** Copyright 2022-2023 Advanced Micro Devices, Inc. All Rights Reserved.

source CM1.tcl -notrace
create_project: Time (s): cpu = 00:00:05 ; elapsed = 00:00:33 . Memory (MB): peak = 448.754 ; gain = 164.113
Command: read_checkpoint -auto_incremental -incremental C:/Users/Administrator/project_6/project_6.srcs/utils_1/imports/synth_1/CM1.dcp
INFO: [Vivado 12-5825] Read reference checkpoint from C:/Users/Administrator/project_6/project_6.srcs/utils_1/imports/synth_1/CM1.dcp for incremental synthesis
INFO: [Vivado 12-7989] Please ensure there are no constraint changes
Command: synth_design -top CM1 -part xc7k70tfbv676-1
Starting synth_design
Attempting to get a license for feature 'Synthesis' and/or device 'xc7k70t'
INFO: [Common 17-349] Got license for feature 'Synthesis' and/or device 'xc7k70t'
INFO: [Designutils 20-5440] No compile time benefit to using incremental synthesis; A full resynthesis will be run
INFO: [Designutils 20-4379] Flow is switching to default flow due to incremental criteria not met. If you would like to alter this behaviour and have the flow terminate instead, please set the following parameter config_implementation {autoIncr.Synth.RejectBehavior Terminate}
INFO: [Synth 8-7079] Multithreading enabled for synth_design using a maximum of 2 processes.
INFO: [Synth 8-7078] Launching helper process for spawning children vivado processes
INFO: [Synth 8-7075] Helper process launched with PID 8668
INFO: [Synth 8-11241] undeclared symbol 'd1', assumed default net type 'wire' [C:/Users/Administrator/project_6/project_6.srcs/sources_1/new/CM1.v:46]
INFO: [Synth 8-11241] undeclared symbol 'd2', assumed default net type 'wire' [C:/Users/Administrator/project_6/project_6.srcs/sources_1/new/CM1.v:46]
INFO: [Synth 8-11241] undeclared symbol 'd3', assumed default net type 'wire' [C:/Users/Administrator/project_6/project_6.srcs/sources_1/new/CM1.v:46]
INFO: [Synth 8-11241] undeclared symbol 'd11', assumed default net type 'wire' [C:/Users/Administrator/project_6/project_6.srcs/sources_1/new/CM1.v:48]
INFO: [Synth 8-11241] undeclared symbol 'd12', assumed default net type 'wire' [C:/Users/Administrator/project_6/project_6.srcs/sources_1/new/CM1.v:48]
INFO: [Synth 8-11241] undeclared symbol 'd21', assumed default net type 'wire' [C:/Users/Administrator/project_6/project_6.srcs/sources_1/new/CM1.v:50]
INFO: [Synth 8-11241] undeclared symbol 'd22', assumed default net type 'wire' [C:/Users/Administrator/project_6/project_6.srcs/sources_1/new/CM1.v:50]
INFO: [Synth 8-11241] undeclared symbol 'd31', assumed default net type 'wire' [C:/Users/Administrator/project_6/project_6.srcs/sources_1/new/CM1.v:52]
INFO: [Synth 8-11241] undeclared symbol 'd32', assumed default net type 'wire' [C:/Users/Administrator/project_6/project_6.srcs/sources_1/new/CM1.v:52]
---------------------------------------------------------------------------------
Starting Synthesize : Time (s): cpu = 00:00:05 ; elapsed = 00:00:13 . Memory (MB): peak = 889.961 ; gain = 409.250
---------------------------------------------------------------------------------
INFO: [Synth 8-6157] synthesizing module 'CM1' [C:/Users/Administrator/project_6/project_6.srcs/sources_1/new/CM1.v:23]
INFO: [Synth 8-6157] synthesizing module 'Cellr' [C:/Users/Administrator/project_6/project_6.srcs/sources_1/new/CM1.v:68]
WARNING: [Synth 8-311] ignoring non-constant assignment in initial block [C:/Users/Administrator/project_6/project_6.srcs/sources_1/new/CM1.v:127]
WARNING: [Synth 8-311] ignoring non-constant assignment in initial block [C:/Users/Administrator/project_6/project_6.srcs/sources_1/new/CM1.v:128]
INFO: [Synth 8-6157] synthesizing module 'FGr' [C:/Users/Administrator/project_6/project_6.srcs/sources_1/new/CM1.v:176]
INFO: [Synth 8-6155] done synthesizing module 'FGr' (0#1) [C:/Users/Administrator/project_6/project_6.srcs/sources_1/new/CM1.v:176]
INFO: [Synth 8-6157] synthesizing module 'GGr' [C:/Users/Administrator/project_6/project_6.srcs/sources_1/new/CM1.v:228]
INFO: [Synth 8-6155] done synthesizing module 'GGr' (0#1) [C:/Users/Administrator/project_6/project_6.srcs/sources_1/new/CM1.v:228]
INFO: [Synth 8-6157] synthesizing module 'Fr' [C:/Users/Administrator/project_6/project_6.srcs/sources_1/new/CM1.v:157]
INFO: [Synth 8-6155] done synthesizing module 'Fr' (0#1) [C:/Users/Administrator/project_6/project_6.srcs/sources_1/new/CM1.v:157]
INFO: [Synth 8-6157] synthesizing module 'Gr' [C:/Users/Administrator/project_6/project_6.srcs/sources_1/new/CM1.v:166]
INFO: [Synth 8-6155] done synthesizing module 'Gr' (0#1) [C:/Users/Administrator/project_6/project_6.srcs/sources_1/new/CM1.v:166]
INFO: [Synth 8-6155] done synthesizing module 'Cellr' (0#1) [C:/Users/Administrator/project_6/project_6.srcs/sources_1/new/CM1.v:68]
WARNING: [Synth 8-689] width (4) of port connection 'dout' does not match port width (64) of module 'Cellr' [C:/Users/Administrator/project_6/project_6.srcs/sources_1/new/CM1.v:46]
INFO: [Synth 8-6157] synthesizing module 'Cell' [C:/Users/Administrator/project_6/project_6.srcs/sources_1/new/CM1.v:249]
WARNING: [Synth 8-311] ignoring non-constant assignment in initial block [C:/Users/Administrator/project_6/project_6.srcs/sources_1/new/CM1.v:289]
WARNING: [Synth 8-311] ignoring non-constant assignment in initial block [C:/Users/Administrator/project_6/project_6.srcs/sources_1/new/CM1.v:290]
INFO: [Synth 8-6157] synthesizing module 'FG' [C:/Users/Administrator/project_6/project_6.srcs/sources_1/new/CM1.v:348]
WARNING: [Synth 8-6896] procedural assign is inside initial block, initial block items will be ignored [C:/Users/Administrator/project_6/project_6.srcs/sources_1/new/CM1.v:355]
WARNING: [Synth 8-589] replacing case/wildcard equality operator === with logical equality operator == [C:/Users/Administrator/project_6/project_6.srcs/sources_1/new/CM1.v:376]
WARNING: [Synth 8-589] replacing case/wildcard equality operator === with logical equality operator == [C:/Users/Administrator/project_6/project_6.srcs/sources_1/new/CM1.v:376]
WARNING: [Synth 8-589] replacing case/wildcard equality operator === with logical equality operator == [C:/Users/Administrator/project_6/project_6.srcs/sources_1/new/CM1.v:377]
WARNING: [Synth 8-589] replacing case/wildcard equality operator === with logical equality operator == [C:/Users/Administrator/project_6/project_6.srcs/sources_1/new/CM1.v:379]
WARNING: [Synth 8-589] replacing case/wildcard equality operator === with logical equality operator == [C:/Users/Administrator/project_6/project_6.srcs/sources_1/new/CM1.v:388]
WARNING: [Synth 8-589] replacing case/wildcard equality operator === with logical equality operator == [C:/Users/Administrator/project_6/project_6.srcs/sources_1/new/CM1.v:398]
INFO: [Synth 8-6155] done synthesizing module 'FG' (0#1) [C:/Users/Administrator/project_6/project_6.srcs/sources_1/new/CM1.v:348]
INFO: [Synth 8-6157] synthesizing module 'GG' [C:/Users/Administrator/project_6/project_6.srcs/sources_1/new/CM1.v:493]
INFO: [Synth 8-6155] done synthesizing module 'GG' (0#1) [C:/Users/Administrator/project_6/project_6.srcs/sources_1/new/CM1.v:493]
INFO: [Synth 8-6157] synthesizing module 'F' [C:/Users/Administrator/project_6/project_6.srcs/sources_1/new/CM1.v:339]
INFO: [Synth 8-6155] done synthesizing module 'F' (0#1) [C:/Users/Administrator/project_6/project_6.srcs/sources_1/new/CM1.v:339]
INFO: [Synth 8-6157] synthesizing module 'G' [C:/Users/Administrator/project_6/project_6.srcs/sources_1/new/CM1.v:484]
INFO: [Synth 8-6155] done synthesizing module 'G' (0#1) [C:/Users/Administrator/project_6/project_6.srcs/sources_1/new/CM1.v:484]
INFO: [Synth 8-6155] done synthesizing module 'Cell' (0#1) [C:/Users/Administrator/project_6/project_6.srcs/sources_1/new/CM1.v:249]
WARNING: [Synth 8-689] width (1) of port connection 'dout' does not match port width (64) of module 'Cell' [C:/Users/Administrator/project_6/project_6.srcs/sources_1/new/CM1.v:48]
WARNING: [Synth 8-689] width (1) of port connection 'dout' does not match port width (64) of module 'Cell' [C:/Users/Administrator/project_6/project_6.srcs/sources_1/new/CM1.v:50]
WARNING: [Synth 8-689] width (1) of port connection 'dout' does not match port width (64) of module 'Cell' [C:/Users/Administrator/project_6/project_6.srcs/sources_1/new/CM1.v:52]
WARNING: [Synth 8-689] width (1) of port connection 'dout' does not match port width (64) of module 'Cell' [C:/Users/Administrator/project_6/project_6.srcs/sources_1/new/CM1.v:55]
WARNING: [Synth 8-689] width (1) of port connection 'dout' does not match port width (64) of module 'Cell' [C:/Users/Administrator/project_6/project_6.srcs/sources_1/new/CM1.v:56]
WARNING: [Synth 8-689] width (1) of port connection 'dout' does not match port width (64) of module 'Cell' [C:/Users/Administrator/project_6/project_6.srcs/sources_1/new/CM1.v:58]
WARNING: [Synth 8-689] width (1) of port connection 'dout' does not match port width (64) of module 'Cell' [C:/Users/Administrator/project_6/project_6.srcs/sources_1/new/CM1.v:59]
WARNING: [Synth 8-689] width (1) of port connection 'dout' does not match port width (64) of module 'Cell' [C:/Users/Administrator/project_6/project_6.srcs/sources_1/new/CM1.v:61]
WARNING: [Synth 8-689] width (1) of port connection 'dout' does not match port width (64) of module 'Cell' [C:/Users/Administrator/project_6/project_6.srcs/sources_1/new/CM1.v:62]
INFO: [Synth 8-6155] done synthesizing module 'CM1' (0#1) [C:/Users/Administrator/project_6/project_6.srcs/sources_1/new/CM1.v:23]
WARNING: [Synth 8-6014] Unused sequential element sb_reg was removed.  [C:/Users/Administrator/project_6/project_6.srcs/sources_1/new/CM1.v:150]
WARNING: [Synth 8-6014] Unused sequential element mb_reg was removed.  [C:/Users/Administrator/project_6/project_6.srcs/sources_1/new/CM1.v:151]
WARNING: [Synth 8-3848] Net s0 in module/entity FG does not have driver. [C:/Users/Administrator/project_6/project_6.srcs/sources_1/new/CM1.v:351]
WARNING: [Synth 8-6014] Unused sequential element sb_reg was removed.  [C:/Users/Administrator/project_6/project_6.srcs/sources_1/new/CM1.v:330]
WARNING: [Synth 8-6014] Unused sequential element mb_reg was removed.  [C:/Users/Administrator/project_6/project_6.srcs/sources_1/new/CM1.v:331]
WARNING: [Synth 8-7129] Port p in module G is either unconnected or has no load
WARNING: [Synth 8-7129] Port self in module G is either unconnected or has no load
WARNING: [Synth 8-7129] Port s in module G is either unconnected or has no load
WARNING: [Synth 8-7129] Port l in module F is either unconnected or has no load
WARNING: [Synth 8-7129] Port r in module F is either unconnected or has no load
WARNING: [Synth 8-7129] Port self in module F is either unconnected or has no load
WARNING: [Synth 8-7129] Port s in module F is either unconnected or has no load
WARNING: [Synth 8-7129] Port s in module GG is either unconnected or has no load
WARNING: [Synth 8-7129] Port self in module GG is either unconnected or has no load
WARNING: [Synth 8-7129] Port reset in module GG is either unconnected or has no load
WARNING: [Synth 8-7129] Port s0 in module FG is either unconnected or has no load
WARNING: [Synth 8-7129] Port s in module FG is either unconnected or has no load
WARNING: [Synth 8-7129] Port reset in module FG is either unconnected or has no load
WARNING: [Synth 8-7129] Port s in module Cell is either unconnected or has no load
WARNING: [Synth 8-7129] Port flag[1] in module Cell is either unconnected or has no load
WARNING: [Synth 8-7129] Port flag[0] in module Cell is either unconnected or has no load
WARNING: [Synth 8-7129] Port s in module Gr is either unconnected or has no load
WARNING: [Synth 8-7129] Port p in module Fr is either unconnected or has no load
WARNING: [Synth 8-7129] Port l in module Fr is either unconnected or has no load
WARNING: [Synth 8-7129] Port r in module Fr is either unconnected or has no load
WARNING: [Synth 8-7129] Port self in module Fr is either unconnected or has no load
WARNING: [Synth 8-7129] Port s in module GGr is either unconnected or has no load
WARNING: [Synth 8-7129] Port self in module GGr is either unconnected or has no load
WARNING: [Synth 8-7129] Port reset in module GGr is either unconnected or has no load
WARNING: [Synth 8-7129] Port s in module FGr is either unconnected or has no load
WARNING: [Synth 8-7129] Port reset in module FGr is either unconnected or has no load
WARNING: [Synth 8-7129] Port s in module Cellr is either unconnected or has no load
WARNING: [Synth 8-7129] Port flag[1] in module Cellr is either unconnected or has no load
WARNING: [Synth 8-7129] Port flag[0] in module Cellr is either unconnected or has no load
---------------------------------------------------------------------------------
Finished Synthesize : Time (s): cpu = 00:00:07 ; elapsed = 00:00:19 . Memory (MB): peak = 981.254 ; gain = 500.543
---------------------------------------------------------------------------------
---------------------------------------------------------------------------------
Finished Constraint Validation : Time (s): cpu = 00:00:08 ; elapsed = 00:00:22 . Memory (MB): peak = 981.254 ; gain = 500.543
---------------------------------------------------------------------------------
---------------------------------------------------------------------------------
Start Loading Part and Timing Information
---------------------------------------------------------------------------------
Loading part: xc7k70tfbv676-1
INFO: [Device 21-403] Loading part xc7k70tfbv676-1
---------------------------------------------------------------------------------
Finished Loading Part and Timing Information : Time (s): cpu = 00:00:08 ; elapsed = 00:00:23 . Memory (MB): peak = 981.254 ; gain = 500.543
---------------------------------------------------------------------------------
---------------------------------------------------------------------------------
Finished RTL Optimization Phase 2 : Time (s): cpu = 00:00:09 ; elapsed = 00:00:28 . Memory (MB): peak = 981.254 ; gain = 500.543
---------------------------------------------------------------------------------
No constraint files found.
---------------------------------------------------------------------------------
Start RTL Component Statistics 
---------------------------------------------------------------------------------
Detailed RTL Component Info : 
+---Adders : 
	   2 Input   32 Bit       Adders := 19    
+---Registers : 
	               64 Bit    Registers := 10    
	                2 Bit    Registers := 10    
	                1 Bit    Registers := 50    
+---Muxes : 
	   2 Input    2 Bit        Muxes := 10    
	   2 Input    1 Bit        Muxes := 11    
---------------------------------------------------------------------------------
Finished RTL Component Statistics 
---------------------------------------------------------------------------------
---------------------------------------------------------------------------------
Start Part Resource Summary
---------------------------------------------------------------------------------
Part Resources:
DSPs: 240 (col length:80)
BRAMs: 270 (col length: RAMB18 80 RAMB36 40)
---------------------------------------------------------------------------------
Finished Part Resource Summary
---------------------------------------------------------------------------------
No constraint files found.
---------------------------------------------------------------------------------
Start Cross Boundary and Area Optimization
---------------------------------------------------------------------------------
WARNING: [Synth 8-7080] Parallel synthesis criteria is not met
WARNING: [Synth 8-7129] Port rst in module Cell is either unconnected or has no load
WARNING: [Synth 8-7129] Port s in module Cell is either unconnected or has no load
WARNING: [Synth 8-7129] Port flag[1] in module Cell is either unconnected or has no load
WARNING: [Synth 8-7129] Port flag[0] in module Cell is either unconnected or has no load
WARNING: [Synth 8-7129] Port rst in module Cellr is either unconnected or has no load
WARNING: [Synth 8-7129] Port s in module Cellr is either unconnected or has no load
WARNING: [Synth 8-7129] Port flag[1] in module Cellr is either unconnected or has no load
WARNING: [Synth 8-7129] Port flag[0] in module Cellr is either unconnected or has no load
CRITICAL WARNING: [Synth 8-6859] multi-driven net on pin sout_reg with 1st driver pin 'c1/GG2/sout_reg/Q' [C:/Users/Administrator/project_6/project_6.srcs/sources_1/new/CM1.v:501]
CRITICAL WARNING: [Synth 8-6859] multi-driven net on pin sout_reg with 2nd driver pin 'GND' [C:/Users/Administrator/project_6/project_6.srcs/sources_1/new/CM1.v:501]
CRITICAL WARNING: [Synth 8-6858] multi-driven net sout_reg is connected to at least one constant driver which has been preserved, other driver is ignored [C:/Users/Administrator/project_6/project_6.srcs/sources_1/new/CM1.v:501]
CRITICAL WARNING: [Synth 8-6859] multi-driven net on pin sout_reg with 1st driver pin 'c2/GG2/sout_reg/Q' [C:/Users/Administrator/project_6/project_6.srcs/sources_1/new/CM1.v:501]
CRITICAL WARNING: [Synth 8-6859] multi-driven net on pin sout_reg with 2nd driver pin 'GND' [C:/Users/Administrator/project_6/project_6.srcs/sources_1/new/CM1.v:501]
CRITICAL WARNING: [Synth 8-6858] multi-driven net sout_reg is connected to at least one constant driver which has been preserved, other driver is ignored [C:/Users/Administrator/project_6/project_6.srcs/sources_1/new/CM1.v:501]
CRITICAL WARNING: [Synth 8-6859] multi-driven net on pin sout_reg with 1st driver pin 'c3/GG2/sout_reg/Q' [C:/Users/Administrator/project_6/project_6.srcs/sources_1/new/CM1.v:501]
CRITICAL WARNING: [Synth 8-6859] multi-driven net on pin sout_reg with 2nd driver pin 'GND' [C:/Users/Administrator/project_6/project_6.srcs/sources_1/new/CM1.v:501]
CRITICAL WARNING: [Synth 8-6858] multi-driven net sout_reg is connected to at least one constant driver which has been preserved, other driver is ignored [C:/Users/Administrator/project_6/project_6.srcs/sources_1/new/CM1.v:501]
CRITICAL WARNING: [Synth 8-6859] multi-driven net on pin sout_reg with 1st driver pin 'c11/GG2/sout_reg/Q' [C:/Users/Administrator/project_6/project_6.srcs/sources_1/new/CM1.v:501]
CRITICAL WARNING: [Synth 8-6859] multi-driven net on pin sout_reg with 2nd driver pin 'GND' [C:/Users/Administrator/project_6/project_6.srcs/sources_1/new/CM1.v:501]
CRITICAL WARNING: [Synth 8-6858] multi-driven net sout_reg is connected to at least one constant driver which has been preserved, other driver is ignored [C:/Users/Administrator/project_6/project_6.srcs/sources_1/new/CM1.v:501]
CRITICAL WARNING: [Synth 8-6859] multi-driven net on pin sout_reg with 1st driver pin 'c12/GG2/sout_reg/Q' [C:/Users/Administrator/project_6/project_6.srcs/sources_1/new/CM1.v:501]
CRITICAL WARNING: [Synth 8-6859] multi-driven net on pin sout_reg with 2nd driver pin 'GND' [C:/Users/Administrator/project_6/project_6.srcs/sources_1/new/CM1.v:501]
CRITICAL WARNING: [Synth 8-6858] multi-driven net sout_reg is connected to at least one constant driver which has been preserved, other driver is ignored [C:/Users/Administrator/project_6/project_6.srcs/sources_1/new/CM1.v:501]
CRITICAL WARNING: [Synth 8-6859] multi-driven net on pin sout_reg with 1st driver pin 'c21/GG2/sout_reg/Q' [C:/Users/Administrator/project_6/project_6.srcs/sources_1/new/CM1.v:501]
CRITICAL WARNING: [Synth 8-6859] multi-driven net on pin sout_reg with 2nd driver pin 'GND' [C:/Users/Administrator/project_6/project_6.srcs/sources_1/new/CM1.v:501]
CRITICAL WARNING: [Synth 8-6858] multi-driven net sout_reg is connected to at least one constant driver which has been preserved, other driver is ignored [C:/Users/Administrator/project_6/project_6.srcs/sources_1/new/CM1.v:501]
CRITICAL WARNING: [Synth 8-6859] multi-driven net on pin sout_reg with 1st driver pin 'c22/GG2/sout_reg/Q' [C:/Users/Administrator/project_6/project_6.srcs/sources_1/new/CM1.v:501]
CRITICAL WARNING: [Synth 8-6859] multi-driven net on pin sout_reg with 2nd driver pin 'GND' [C:/Users/Administrator/project_6/project_6.srcs/sources_1/new/CM1.v:501]
CRITICAL WARNING: [Synth 8-6858] multi-driven net sout_reg is connected to at least one constant driver which has been preserved, other driver is ignored [C:/Users/Administrator/project_6/project_6.srcs/sources_1/new/CM1.v:501]
CRITICAL WARNING: [Synth 8-6859] multi-driven net on pin sout_reg with 1st driver pin 'c31/GG2/sout_reg/Q' [C:/Users/Administrator/project_6/project_6.srcs/sources_1/new/CM1.v:501]
CRITICAL WARNING: [Synth 8-6859] multi-driven net on pin sout_reg with 2nd driver pin 'GND' [C:/Users/Administrator/project_6/project_6.srcs/sources_1/new/CM1.v:501]
CRITICAL WARNING: [Synth 8-6858] multi-driven net sout_reg is connected to at least one constant driver which has been preserved, other driver is ignored [C:/Users/Administrator/project_6/project_6.srcs/sources_1/new/CM1.v:501]
CRITICAL WARNING: [Synth 8-6859] multi-driven net on pin sout_reg with 1st driver pin 'c32/GG2/sout_reg/Q' [C:/Users/Administrator/project_6/project_6.srcs/sources_1/new/CM1.v:501]
CRITICAL WARNING: [Synth 8-6859] multi-driven net on pin sout_reg with 2nd driver pin 'GND' [C:/Users/Administrator/project_6/project_6.srcs/sources_1/new/CM1.v:501]
CRITICAL WARNING: [Synth 8-6858] multi-driven net sout_reg is connected to at least one constant driver which has been preserved, other driver is ignored [C:/Users/Administrator/project_6/project_6.srcs/sources_1/new/CM1.v:501]
---------------------------------------------------------------------------------
Finished Cross Boundary and Area Optimization : Time (s): cpu = 00:00:14 ; elapsed = 00:00:44 . Memory (MB): peak = 1240.535 ; gain = 759.824
---------------------------------------------------------------------------------
No constraint files found.
---------------------------------------------------------------------------------
Start Timing Optimization
---------------------------------------------------------------------------------
---------------------------------------------------------------------------------
Finished Timing Optimization : Time (s): cpu = 00:00:14 ; elapsed = 00:00:44 . Memory (MB): peak = 1240.535 ; gain = 759.824
---------------------------------------------------------------------------------
---------------------------------------------------------------------------------
Start Technology Mapping
---------------------------------------------------------------------------------
---------------------------------------------------------------------------------
Finished Technology Mapping : Time (s): cpu = 00:00:14 ; elapsed = 00:00:44 . Memory (MB): peak = 1248.926 ; gain = 768.215
---------------------------------------------------------------------------------
---------------------------------------------------------------------------------
Start IO Insertion
---------------------------------------------------------------------------------
---------------------------------------------------------------------------------
Start Flattening Before IO Insertion
---------------------------------------------------------------------------------
---------------------------------------------------------------------------------
Finished Flattening Before IO Insertion
---------------------------------------------------------------------------------
---------------------------------------------------------------------------------
Start Final Netlist Cleanup
---------------------------------------------------------------------------------
---------------------------------------------------------------------------------
Finished Final Netlist Cleanup
---------------------------------------------------------------------------------
---------------------------------------------------------------------------------
Finished IO Insertion : Time (s): cpu = 00:00:19 ; elapsed = 00:00:49 . Memory (MB): peak = 1248.926 ; gain = 768.215
---------------------------------------------------------------------------------
---------------------------------------------------------------------------------
Start Renaming Generated Instances
---------------------------------------------------------------------------------
---------------------------------------------------------------------------------
Finished Renaming Generated Instances : Time (s): cpu = 00:00:19 ; elapsed = 00:00:49 . Memory (MB): peak = 1248.926 ; gain = 768.215
---------------------------------------------------------------------------------
---------------------------------------------------------------------------------
Start Rebuilding User Hierarchy
---------------------------------------------------------------------------------
---------------------------------------------------------------------------------
Finished Rebuilding User Hierarchy : Time (s): cpu = 00:00:19 ; elapsed = 00:00:49 . Memory (MB): peak = 1248.926 ; gain = 768.215
---------------------------------------------------------------------------------
---------------------------------------------------------------------------------
Start Renaming Generated Ports
---------------------------------------------------------------------------------
---------------------------------------------------------------------------------
Finished Renaming Generated Ports : Time (s): cpu = 00:00:19 ; elapsed = 00:00:49 . Memory (MB): peak = 1248.926 ; gain = 768.215
---------------------------------------------------------------------------------
---------------------------------------------------------------------------------
Start Handling Custom Attributes
---------------------------------------------------------------------------------
---------------------------------------------------------------------------------
Finished Handling Custom Attributes : Time (s): cpu = 00:00:19 ; elapsed = 00:00:49 . Memory (MB): peak = 1248.926 ; gain = 768.215
---------------------------------------------------------------------------------
---------------------------------------------------------------------------------
Start Renaming Generated Nets
---------------------------------------------------------------------------------
---------------------------------------------------------------------------------
Finished Renaming Generated Nets : Time (s): cpu = 00:00:19 ; elapsed = 00:00:49 . Memory (MB): peak = 1248.926 ; gain = 768.215
---------------------------------------------------------------------------------
---------------------------------------------------------------------------------
Start Writing Synthesis Report
---------------------------------------------------------------------------------

Report BlackBoxes: 
+-+--------------+----------+
| |BlackBox name |Instances |
+-+--------------+----------+
+-+--------------+----------+

Report Cell Usage: 
+------+-------+------+
|      |Cell   |Count |
+------+-------+------+
|1     |BUFG   |     1|
|2     |CARRY4 |   380|
|3     |LUT1   |    10|
|4     |LUT2   |   334|
|5     |LUT3   |    39|
|6     |LUT6   |   180|
|7     |MUXF7  |    80|
|8     |MUXF8  |    22|
|9     |FDRE   |   651|
|10    |IBUF   |   641|
|11    |OBUF   |     5|
+------+-------+------+

Report Instance Areas: 
+------+---------+-------+------+
|      |Instance |Module |Cells |
+------+---------+-------+------+
|1     |top      |       |  2343|
|2     |  c1     |Cell   |   176|
|3     |    FG1  |FG_22  |    65|
|4     |    G1   |G_23   |     2|
|5     |  c11    |Cell_0 |   177|
|6     |    FG1  |FG_20  |    65|
|7     |    G1   |G_21   |     3|
|8     |  c12    |Cell_1 |   176|
|9     |    FG1  |FG_18  |    65|
|10    |    G1   |G_19   |     2|
|11    |  c2     |Cell_2 |   176|
|12    |    FG1  |FG_16  |    65|
|13    |    G1   |G_17   |     2|
|14    |  c21    |Cell_3 |   177|
|15    |    FG1  |FG_14  |    65|
|16    |    G1   |G_15   |     3|
|17    |  c22    |Cell_4 |   176|
|18    |    FG1  |FG_12  |    65|
|19    |    G1   |G_13   |     2|
|20    |  c3     |Cell_5 |   176|
|21    |    FG1  |FG_10  |    65|
|22    |    G1   |G_11   |     2|
|23    |  c31    |Cell_6 |   177|
|24    |    FG1  |FG_8   |    65|
|25    |    G1   |G_9    |     3|
|26    |  c32    |Cell_7 |   176|
|27    |    FG1  |FG     |    65|
|28    |    G1   |G      |     2|
|29    |  cr     |Cellr  |   109|
|30    |    FG1r |FGr    |    31|
+------+---------+-------+------+
---------------------------------------------------------------------------------
Finished Writing Synthesis Report : Time (s): cpu = 00:00:19 ; elapsed = 00:00:49 . Memory (MB): peak = 1248.926 ; gain = 768.215
---------------------------------------------------------------------------------
Synthesis finished with 0 errors, 27 critical warnings and 64 warnings.
Synthesis Optimization Runtime : Time (s): cpu = 00:00:19 ; elapsed = 00:00:50 . Memory (MB): peak = 1248.926 ; gain = 768.215
Synthesis Optimization Complete : Time (s): cpu = 00:00:19 ; elapsed = 00:00:50 . Memory (MB): peak = 1248.926 ; gain = 768.215
INFO: [Project 1-571] Translating synthesized netlist
Netlist sorting complete. Time (s): cpu = 00:00:00 ; elapsed = 00:00:00.045 . Memory (MB): peak = 1251.734 ; gain = 0.000
INFO: [Netlist 29-17] Analyzing 482 Unisim elements for replacement
INFO: [Netlist 29-28] Unisim Transformation completed in 0 CPU seconds
INFO: [Project 1-570] Preparing netlist for logic optimization
INFO: [Opt 31-138] Pushed 0 inverter(s) to 0 load pin(s).
Netlist sorting complete. Time (s): cpu = 00:00:00 ; elapsed = 00:00:00 . Memory (MB): peak = 1291.609 ; gain = 0.000
INFO: [Project 1-111] Unisim Transformation Summary:
No Unisim elements were transformed.

Synth Design complete | Checksum: fd159e02
INFO: [Common 17-83] Releasing license: Synthesis
47 Infos, 64 Warnings, 27 Critical Warnings and 0 Errors encountered.
synth_design completed successfully
synth_design: Time (s): cpu = 00:00:21 ; elapsed = 00:00:56 . Memory (MB): peak = 1291.609 ; gain = 818.965
INFO: [runtcl-6] Synthesis results are not added to the cache due to CRITICAL_WARNING
INFO: [Common 17-1381] The checkpoint 'C:/Users/Administrator/project_6/project_6.runs/synth_1/CM1.dcp' has been generated.
INFO: [runtcl-4] Executing : report_utilization -file CM1_utilization_synth.rpt -pb CM1_utilization_synth.pb
INFO: [Common 17-206] Exiting Vivado at Tue Oct  3 12:23:46 2023...
