
*** Running vivado
    with args -log CM1.vdi -applog -m64 -product Vivado -messageDb vivado.pb -mode batch -source CM1.tcl -notrace


ECHO is off.
ECHO is off.

****** Vivado v2023.1 (64-bit)
  **** SW Build 3865809 on Sun May  7 15:05:29 MDT 2023
  **** IP Build 3864474 on Sun May  7 20:36:21 MDT 2023
  **** SharedData Build 3865790 on Sun May 07 13:33:03 MDT 2023
    ** Copyright 1986-2022 Xilinx, Inc. All Rights Reserved.
    ** Copyright 2022-2023 Advanced Micro Devices, Inc. All Rights Reserved.

source CM1.tcl -notrace
create_project: Time (s): cpu = 00:00:04 ; elapsed = 00:00:10 . Memory (MB): peak = 449.051 ; gain = 163.207
Command: link_design -top CM1 -part xc7k70tfbv676-1
Design is defaulting to srcset: sources_1
Design is defaulting to constrset: constrs_1
INFO: [Device 21-403] Loading part xc7k70tfbv676-1
Netlist sorting complete. Time (s): cpu = 00:00:00 ; elapsed = 00:00:00.044 . Memory (MB): peak = 855.301 ; gain = 0.000
INFO: [Netlist 29-17] Analyzing 482 Unisim elements for replacement
INFO: [Netlist 29-28] Unisim Transformation completed in 0 CPU seconds
INFO: [Project 1-479] Netlist was created with Vivado 2023.1
INFO: [Project 1-570] Preparing netlist for logic optimization
Netlist sorting complete. Time (s): cpu = 00:00:00 ; elapsed = 00:00:00.001 . Memory (MB): peak = 950.598 ; gain = 0.000
INFO: [Project 1-111] Unisim Transformation Summary:
No Unisim elements were transformed.

6 Infos, 0 Warnings, 0 Critical Warnings and 0 Errors encountered.
link_design completed successfully
link_design: Time (s): cpu = 00:00:04 ; elapsed = 00:00:07 . Memory (MB): peak = 979.492 ; gain = 525.730
Command: opt_design
Attempting to get a license for feature 'Implementation' and/or device 'xc7k70t'
INFO: [Common 17-349] Got license for feature 'Implementation' and/or device 'xc7k70t'
Running DRC as a precondition to command opt_design

Starting DRC Task
INFO: [DRC 23-27] Running DRC with 2 threads
INFO: [Project 1-461] DRC finished with 0 Errors
INFO: [Project 1-462] Please refer to the DRC report (report_drc) for more information.

Time (s): cpu = 00:00:01 ; elapsed = 00:00:01 . Memory (MB): peak = 1005.098 ; gain = 25.605

Starting Cache Timing Information Task
INFO: [Timing 38-35] Done setting XDC timing constraints.
Ending Cache Timing Information Task | Checksum: 18a56288c

Time (s): cpu = 00:00:07 ; elapsed = 00:00:12 . Memory (MB): peak = 1564.156 ; gain = 559.059

Starting Logic Optimization Task

Phase 1 Retarget
INFO: [Opt 31-138] Pushed 0 inverter(s) to 0 load pin(s).
INFO: [Opt 31-49] Retargeted 0 cell(s).
Phase 1 Retarget | Checksum: 18a56288c

Time (s): cpu = 00:00:00 ; elapsed = 00:00:03 . Memory (MB): peak = 1901.180 ; gain = 0.000
INFO: [Opt 31-389] Phase Retarget created 0 cells and removed 0 cells

Phase 2 Constant propagation
INFO: [Opt 31-138] Pushed 0 inverter(s) to 0 load pin(s).
Phase 2 Constant propagation | Checksum: 18a56288c

Time (s): cpu = 00:00:00 ; elapsed = 00:00:03 . Memory (MB): peak = 1901.180 ; gain = 0.000
INFO: [Opt 31-389] Phase Constant propagation created 0 cells and removed 0 cells

Phase 3 Sweep
Phase 3 Sweep | Checksum: 9e734d8f

Time (s): cpu = 00:00:00 ; elapsed = 00:00:03 . Memory (MB): peak = 1901.180 ; gain = 0.000
INFO: [Opt 31-389] Phase Sweep created 0 cells and removed 0 cells

Phase 4 BUFG optimization
Phase 4 BUFG optimization | Checksum: 9e734d8f

Time (s): cpu = 00:00:00 ; elapsed = 00:00:03 . Memory (MB): peak = 1901.180 ; gain = 0.000
INFO: [Opt 31-662] Phase BUFG optimization created 0 cells of which 0 are BUFGs and removed 0 cells.

Phase 5 Shift Register Optimization
INFO: [Opt 31-1064] SRL Remap converted 0 SRLs to 0 registers and converted 0 registers of register chains to 0 SRLs
Phase 5 Shift Register Optimization | Checksum: 1a68d6477

Time (s): cpu = 00:00:01 ; elapsed = 00:00:03 . Memory (MB): peak = 1901.180 ; gain = 0.000
INFO: [Opt 31-389] Phase Shift Register Optimization created 0 cells and removed 0 cells

Phase 6 Post Processing Netlist
Phase 6 Post Processing Netlist | Checksum: 1a68d6477

Time (s): cpu = 00:00:01 ; elapsed = 00:00:03 . Memory (MB): peak = 1901.180 ; gain = 0.000
INFO: [Opt 31-389] Phase Post Processing Netlist created 0 cells and removed 0 cells
Opt_design Change Summary
=========================


-------------------------------------------------------------------------------------------------------------------------
|  Phase                        |  #Cells created  |  #Cells Removed  |  #Constrained objects preventing optimizations  |
-------------------------------------------------------------------------------------------------------------------------
|  Retarget                     |               0  |               0  |                                              0  |
|  Constant propagation         |               0  |               0  |                                              0  |
|  Sweep                        |               0  |               0  |                                              0  |
|  BUFG optimization            |               0  |               0  |                                              0  |
|  Shift Register Optimization  |               0  |               0  |                                              0  |
|  Post Processing Netlist      |               0  |               0  |                                              0  |
-------------------------------------------------------------------------------------------------------------------------



Starting Connectivity Check Task

Time (s): cpu = 00:00:00 ; elapsed = 00:00:00.022 . Memory (MB): peak = 1901.180 ; gain = 0.000
Ending Logic Optimization Task | Checksum: 1a68d6477

Time (s): cpu = 00:00:01 ; elapsed = 00:00:03 . Memory (MB): peak = 1901.180 ; gain = 0.000

Starting Power Optimization Task
INFO: [Pwropt 34-132] Skipping clock gating for clocks with a period < 2.00 ns.
Ending Power Optimization Task | Checksum: 1a68d6477

Time (s): cpu = 00:00:00 ; elapsed = 00:00:00.106 . Memory (MB): peak = 1901.180 ; gain = 0.000

Starting Final Cleanup Task
Ending Final Cleanup Task | Checksum: 1a68d6477

Time (s): cpu = 00:00:00 ; elapsed = 00:00:00 . Memory (MB): peak = 1901.180 ; gain = 0.000

Starting Netlist Obfuscation Task
Netlist sorting complete. Time (s): cpu = 00:00:00 ; elapsed = 00:00:00.001 . Memory (MB): peak = 1901.180 ; gain = 0.000
Ending Netlist Obfuscation Task | Checksum: 1a68d6477

Time (s): cpu = 00:00:00 ; elapsed = 00:00:00.002 . Memory (MB): peak = 1901.180 ; gain = 0.000
INFO: [Common 17-83] Releasing license: Implementation
23 Infos, 0 Warnings, 0 Critical Warnings and 0 Errors encountered.
opt_design completed successfully
opt_design: Time (s): cpu = 00:00:12 ; elapsed = 00:00:21 . Memory (MB): peak = 1901.180 ; gain = 921.688
INFO: [runtcl-4] Executing : report_drc -file CM1_drc_opted.rpt -pb CM1_drc_opted.pb -rpx CM1_drc_opted.rpx
Command: report_drc -file CM1_drc_opted.rpt -pb CM1_drc_opted.pb -rpx CM1_drc_opted.rpx
INFO: [IP_Flow 19-234] Refreshing IP repositories
INFO: [IP_Flow 19-1704] No user IP repositories specified
INFO: [IP_Flow 19-2313] Loaded Vivado IP repository 'C:/Xilinx/Vivado/2023.1/data/ip'.
INFO: [DRC 23-27] Running DRC with 2 threads
INFO: [Vivado_Tcl 2-168] The results of DRC are in file C:/Users/Administrator/project_6/project_6.runs/impl_1/CM1_drc_opted.rpt.
report_drc completed successfully
INFO: [Common 17-1381] The checkpoint 'C:/Users/Administrator/project_6/project_6.runs/impl_1/CM1_opt.dcp' has been generated.
Command: place_design
Attempting to get a license for feature 'Implementation' and/or device 'xc7k70t'
INFO: [Common 17-349] Got license for feature 'Implementation' and/or device 'xc7k70t'
INFO: [DRC 23-27] Running DRC with 2 threads
INFO: [Vivado_Tcl 4-198] DRC finished with 0 Errors
INFO: [Vivado_Tcl 4-199] Please refer to the DRC report (report_drc) for more information.
Running DRC as a precondition to command place_design
INFO: [DRC 23-27] Running DRC with 2 threads
INFO: [Vivado_Tcl 4-198] DRC finished with 0 Errors
INFO: [Vivado_Tcl 4-199] Please refer to the DRC report (report_drc) for more information.

Starting Placer Task
INFO: [Place 30-611] Multithreading enabled for place_design using a maximum of 2 CPUs

Phase 1 Placer Initialization

Phase 1.1 Placer Initialization Netlist Sorting
Netlist sorting complete. Time (s): cpu = 00:00:00 ; elapsed = 00:00:00.001 . Memory (MB): peak = 1901.180 ; gain = 0.000
Phase 1.1 Placer Initialization Netlist Sorting | Checksum: c04e1a75

Time (s): cpu = 00:00:00 ; elapsed = 00:00:00.289 . Memory (MB): peak = 1901.180 ; gain = 0.000
Netlist sorting complete. Time (s): cpu = 00:00:00 ; elapsed = 00:00:00 . Memory (MB): peak = 1901.180 ; gain = 0.000

Phase 1.2 IO Placement/ Clock Placement/ Build Placer Device
ERROR: [Place 30-415] IO Placement failed due to overutilization. This design contains 646 I/O ports
 while the target  device: 7k70t package: fbv676, contains only 300 available user I/O. The target device has 300 usable I/O pins of which 0 are already occupied by user-locked I/Os.
 To rectify this issue:
 1. Ensure you are targeting the correct device and package.  Select a larger device or different package if necessary.
 2. Check the top-level ports of the design to ensure the correct number of ports are specified.
 3. Consider design changes to reduce the number of I/Os necessary.
INFO: [Timing 38-35] Done setting XDC timing constraints.
ERROR: [Place 30-68] Instance clk_IBUF_BUFG_inst (BUFG) is not placed
ERROR: [Place 30-68] Instance clk_IBUF_inst (IBUF) is not placed
ERROR: [Place 30-68] Instance d_OBUF_inst (OBUF) is not placed
ERROR: [Place 30-68] Instance dout_OBUF[0]_inst (OBUF) is not placed
ERROR: [Place 30-68] Instance dout_OBUF[1]_inst (OBUF) is not placed
ERROR: [Place 30-68] Instance dout_OBUF[2]_inst (OBUF) is not placed
ERROR: [Place 30-68] Instance dout_OBUF[3]_inst (OBUF) is not placed
ERROR: [Place 30-68] Instance key_IBUF[0]_inst (IBUF) is not placed
ERROR: [Place 30-68] Instance key_IBUF[10]_inst (IBUF) is not placed
ERROR: [Place 30-68] Instance key_IBUF[11]_inst (IBUF) is not placed
ERROR: [Place 30-68] Instance key_IBUF[12]_inst (IBUF) is not placed
ERROR: [Place 30-68] Instance key_IBUF[13]_inst (IBUF) is not placed
ERROR: [Place 30-68] Instance key_IBUF[14]_inst (IBUF) is not placed
ERROR: [Place 30-68] Instance key_IBUF[15]_inst (IBUF) is not placed
ERROR: [Place 30-68] Instance key_IBUF[16]_inst (IBUF) is not placed
ERROR: [Place 30-68] Instance key_IBUF[17]_inst (IBUF) is not placed
ERROR: [Place 30-68] Instance key_IBUF[18]_inst (IBUF) is not placed
ERROR: [Place 30-68] Instance key_IBUF[19]_inst (IBUF) is not placed
ERROR: [Place 30-68] Instance key_IBUF[1]_inst (IBUF) is not placed
ERROR: [Place 30-68] Instance key_IBUF[20]_inst (IBUF) is not placed
ERROR: [Place 30-68] Instance key_IBUF[21]_inst (IBUF) is not placed
ERROR: [Place 30-68] Instance key_IBUF[22]_inst (IBUF) is not placed
ERROR: [Place 30-68] Instance key_IBUF[23]_inst (IBUF) is not placed
ERROR: [Place 30-68] Instance key_IBUF[24]_inst (IBUF) is not placed
ERROR: [Place 30-68] Instance key_IBUF[25]_inst (IBUF) is not placed
ERROR: [Place 30-68] Instance key_IBUF[26]_inst (IBUF) is not placed
ERROR: [Place 30-68] Instance key_IBUF[27]_inst (IBUF) is not placed
ERROR: [Place 30-68] Instance key_IBUF[28]_inst (IBUF) is not placed
ERROR: [Place 30-68] Instance key_IBUF[29]_inst (IBUF) is not placed
ERROR: [Place 30-68] Instance key_IBUF[2]_inst (IBUF) is not placed
ERROR: [Place 30-68] Instance key_IBUF[30]_inst (IBUF) is not placed
ERROR: [Place 30-68] Instance key_IBUF[31]_inst (IBUF) is not placed
ERROR: [Place 30-68] Instance key_IBUF[32]_inst (IBUF) is not placed
ERROR: [Place 30-68] Instance key_IBUF[33]_inst (IBUF) is not placed
ERROR: [Place 30-68] Instance key_IBUF[34]_inst (IBUF) is not placed
ERROR: [Place 30-68] Instance key_IBUF[35]_inst (IBUF) is not placed
ERROR: [Place 30-68] Instance key_IBUF[36]_inst (IBUF) is not placed
ERROR: [Place 30-68] Instance key_IBUF[37]_inst (IBUF) is not placed
ERROR: [Place 30-68] Instance key_IBUF[38]_inst (IBUF) is not placed
ERROR: [Place 30-68] Instance key_IBUF[39]_inst (IBUF) is not placed
ERROR: [Place 30-68] Instance key_IBUF[3]_inst (IBUF) is not placed
ERROR: [Place 30-68] Instance key_IBUF[40]_inst (IBUF) is not placed
ERROR: [Place 30-68] Instance key_IBUF[41]_inst (IBUF) is not placed
ERROR: [Place 30-68] Instance key_IBUF[42]_inst (IBUF) is not placed
ERROR: [Place 30-68] Instance key_IBUF[43]_inst (IBUF) is not placed
ERROR: [Place 30-68] Instance key_IBUF[44]_inst (IBUF) is not placed
ERROR: [Place 30-68] Instance key_IBUF[45]_inst (IBUF) is not placed
ERROR: [Place 30-68] Instance key_IBUF[46]_inst (IBUF) is not placed
ERROR: [Place 30-68] Instance key_IBUF[47]_inst (IBUF) is not placed
ERROR: [Place 30-68] Instance key_IBUF[48]_inst (IBUF) is not placed
ERROR: [Place 30-68] Instance key_IBUF[49]_inst (IBUF) is not placed
ERROR: [Place 30-68] Instance key_IBUF[4]_inst (IBUF) is not placed
ERROR: [Place 30-68] Instance key_IBUF[50]_inst (IBUF) is not placed
ERROR: [Place 30-68] Instance key_IBUF[51]_inst (IBUF) is not placed
ERROR: [Place 30-68] Instance key_IBUF[52]_inst (IBUF) is not placed
ERROR: [Place 30-68] Instance key_IBUF[53]_inst (IBUF) is not placed
ERROR: [Place 30-68] Instance key_IBUF[54]_inst (IBUF) is not placed
ERROR: [Place 30-68] Instance key_IBUF[55]_inst (IBUF) is not placed
ERROR: [Place 30-68] Instance key_IBUF[56]_inst (IBUF) is not placed
ERROR: [Place 30-68] Instance key_IBUF[57]_inst (IBUF) is not placed
ERROR: [Place 30-68] Instance key_IBUF[58]_inst (IBUF) is not placed
ERROR: [Place 30-68] Instance key_IBUF[59]_inst (IBUF) is not placed
ERROR: [Place 30-68] Instance key_IBUF[5]_inst (IBUF) is not placed
ERROR: [Place 30-68] Instance key_IBUF[60]_inst (IBUF) is not placed
ERROR: [Place 30-68] Instance key_IBUF[61]_inst (IBUF) is not placed
ERROR: [Place 30-68] Instance key_IBUF[62]_inst (IBUF) is not placed
ERROR: [Place 30-68] Instance key_IBUF[63]_inst (IBUF) is not placed
ERROR: [Place 30-68] Instance key_IBUF[6]_inst (IBUF) is not placed
ERROR: [Place 30-68] Instance key_IBUF[7]_inst (IBUF) is not placed
ERROR: [Place 30-68] Instance key_IBUF[8]_inst (IBUF) is not placed
ERROR: [Place 30-68] Instance key_IBUF[9]_inst (IBUF) is not placed
ERROR: [Place 30-68] Instance memory_IBUF[0]_inst (IBUF) is not placed
ERROR: [Place 30-68] Instance memory_IBUF[100]_inst (IBUF) is not placed
ERROR: [Place 30-68] Instance memory_IBUF[101]_inst (IBUF) is not placed
ERROR: [Place 30-68] Instance memory_IBUF[102]_inst (IBUF) is not placed
ERROR: [Place 30-68] Instance memory_IBUF[103]_inst (IBUF) is not placed
ERROR: [Place 30-68] Instance memory_IBUF[104]_inst (IBUF) is not placed
ERROR: [Place 30-68] Instance memory_IBUF[105]_inst (IBUF) is not placed
ERROR: [Place 30-68] Instance memory_IBUF[106]_inst (IBUF) is not placed
ERROR: [Place 30-68] Instance memory_IBUF[107]_inst (IBUF) is not placed
ERROR: [Place 30-68] Instance memory_IBUF[108]_inst (IBUF) is not placed
ERROR: [Place 30-68] Instance memory_IBUF[109]_inst (IBUF) is not placed
ERROR: [Place 30-68] Instance memory_IBUF[10]_inst (IBUF) is not placed
ERROR: [Place 30-68] Instance memory_IBUF[110]_inst (IBUF) is not placed
ERROR: [Place 30-68] Instance memory_IBUF[111]_inst (IBUF) is not placed
ERROR: [Place 30-68] Instance memory_IBUF[112]_inst (IBUF) is not placed
ERROR: [Place 30-68] Instance memory_IBUF[113]_inst (IBUF) is not placed
ERROR: [Place 30-68] Instance memory_IBUF[114]_inst (IBUF) is not placed
ERROR: [Place 30-68] Instance memory_IBUF[115]_inst (IBUF) is not placed
ERROR: [Place 30-68] Instance memory_IBUF[116]_inst (IBUF) is not placed
ERROR: [Place 30-68] Instance memory_IBUF[117]_inst (IBUF) is not placed
ERROR: [Place 30-68] Instance memory_IBUF[118]_inst (IBUF) is not placed
ERROR: [Place 30-68] Instance memory_IBUF[119]_inst (IBUF) is not placed
ERROR: [Place 30-68] Instance memory_IBUF[11]_inst (IBUF) is not placed
ERROR: [Place 30-68] Instance memory_IBUF[120]_inst (IBUF) is not placed
ERROR: [Place 30-68] Instance memory_IBUF[121]_inst (IBUF) is not placed
ERROR: [Place 30-68] Instance memory_IBUF[122]_inst (IBUF) is not placed
ERROR: [Place 30-68] Instance memory_IBUF[123]_inst (IBUF) is not placed
ERROR: [Place 30-68] Instance memory_IBUF[124]_inst (IBUF) is not placed
ERROR: [Place 30-68] Instance memory_IBUF[125]_inst (IBUF) is not placed
INFO: [Common 17-14] Message 'Place 30-68' appears 100 times and further instances of the messages will be disabled. Use the Tcl command set_msg_config to change the current settings.
Phase 1.2 IO Placement/ Clock Placement/ Build Placer Device | Checksum: 4fd1d689

Time (s): cpu = 00:00:00 ; elapsed = 00:00:02 . Memory (MB): peak = 1901.180 ; gain = 0.000
Phase 1 Placer Initialization | Checksum: 4fd1d689

Time (s): cpu = 00:00:00 ; elapsed = 00:00:02 . Memory (MB): peak = 1901.180 ; gain = 0.000
ERROR: [Place 30-99] Placer failed with error: 'IO Clock Placer failed'
Please review all ERROR, CRITICAL WARNING, and WARNING messages during placement to understand the cause for failure.
Ending Placer Task | Checksum: 4fd1d689

Time (s): cpu = 00:00:00 ; elapsed = 00:00:02 . Memory (MB): peak = 1901.180 ; gain = 0.000
INFO: [Common 17-83] Releasing license: Implementation
41 Infos, 0 Warnings, 0 Critical Warnings and 103 Errors encountered.
place_design failed
ERROR: [Common 17-69] Command failed: Placer could not place all instances
INFO: [Common 17-206] Exiting Vivado at Tue Oct  3 12:24:56 2023...
